<?xml version="1.0" encoding="UTF-8"?>
<testsuite xmlns:xsi="http://www.w3.org/2001/XMLSchema-instance" xsi:noNamespaceSchemaLocation="https://maven.apache.org/surefire/maven-surefire-plugin/xsd/surefire-test-report-3.0.xsd" version="3.0" name="com.group4.tarecruitment.service.AdminServiceTest$UpdateJobStatus" time="0.071" tests="3" errors="0" skipped="0" failures="0">
  <properties>
[...]
</properties>
  <testcase name="repositoryException_propagated" classname="com.group4.tarecruitment.service.AdminServiceTest$UpdateJobStatus" time="0.028"/>
  <testcase name="happyPath_delegatesToRepository" classname="com.group4.tarecruitment.service.AdminServiceTest$UpdateJobStatus" time="0.028"/>
  <testcase name="variousStatuses_acceptedWithoutError" classname="com.group4.tarecruitment.service.AdminServiceTest$UpdateJobStatus" time="0.006"/>
</testsuite>